<?xml version="1.0" encoding="UTF-8"?>
<testng-results skipped="0" failed="0" total="0" passed="0">
  <reporter-output>
  </reporter-output>
  <suite name="PageObjectModel.PageObjectModel.AppTest" duration-ms="7" started-at="2019-05-03T08:55:58Z" finished-at="2019-05-03T08:55:58Z">
    <groups>
    </groups>
    <test name="Command line test" duration-ms="7" started-at="2019-05-03T08:55:58Z" finished-at="2019-05-03T08:55:58Z">
    </test> <!-- Command line test -->
  </suite> <!-- PageObjectModel.PageObjectModel.AppTest -->
</testng-results>
